TN:
SF:/Users/peb7268/Desktop/dev/nodedev/mDash/app/app.ts
FN:3,(anonymous_1)
FN:10,(anonymous_2)
FN:22,(anonymous_3)
FN:23,MyApp
FN:28,(anonymous_5)
FNF:5
FNH:5
FNDA:1,(anonymous_1)
FNDA:1,(anonymous_2)
FNDA:1,(anonymous_3)
FNDA:1,MyApp
FNDA:1,(anonymous_5)
DA:0,1
DA:2,1
DA:5,1
DA:6,1
DA:8,1
DA:10,1
DA:11,1
DA:13,1
DA:16,1
DA:18,1
DA:23,1
DA:25,1
DA:27,1
DA:28,1
DA:30,1
DA:33,1
DA:35,1
DA:36,1
DA:37,1
DA:38,1
DA:40,0
DA:44,1
DA:47,1
LF:23
LH:22
BRDA:3,1,0,1
BRDA:3,1,1,1
BRDA:3,1,2,1
BRDA:5,2,0,1
BRDA:5,2,1,0
BRDA:5,3,0,0
BRDA:5,3,1,0
BRDA:7,4,0,1
BRDA:7,4,1,0
BRDA:7,5,0,1
BRDA:7,5,1,1
BRDA:7,6,0,0
BRDA:7,6,1,0
BRDA:7,7,0,0
BRDA:7,7,1,0
BRDA:7,8,0,0
BRDA:7,8,1,0
BRDA:7,9,0,0
BRDA:7,9,1,0
BRDA:8,10,0,1
BRDA:8,10,1,0
BRDA:8,10,2,0
BRDA:10,11,0,1
BRDA:10,11,1,1
BRDA:10,11,2,1
BRDA:11,12,0,1
BRDA:11,12,1,0
BRDA:11,13,0,1
BRDA:11,13,1,1
BRDA:31,14,0,0
BRDA:31,14,1,1
BRDA:33,15,0,1
BRDA:33,15,1,0
BRF:33
BRH:31
end_of_record
TN:
SF:/Users/peb7268/Desktop/dev/nodedev/mDash/app/globals.ts
FN:3,(anonymous_1)
FN:4,App
FNF:2
FNH:2
FNDA:1,(anonymous_1)
FNDA:1,App
DA:8,1
DA:13,1
DA:14,1
DA:15,1
DA:16,1
DA:18,1
LF:6
LH:6
BRF:0
BRH:0
end_of_record
TN:
SF:/Users/peb7268/Desktop/dev/nodedev/mDash/app/pages/tabs/tabs.ts
FN:3,(anonymous_1)
FN:10,(anonymous_2)
FN:19,(anonymous_3)
FN:20,TabsPage
FN:34,(anonymous_5)
FNF:5
FNH:3
FNDA:1,(anonymous_1)
FNDA:1,(anonymous_2)
FNDA:1,(anonymous_3)
FNDA:0,TabsPage
FNDA:0,(anonymous_5)
DA:0,1
DA:2,1
DA:3,1
DA:5,1
DA:6,1
DA:8,1
DA:11,1
DA:16,1
DA:21,1
DA:22,0
DA:24,0
DA:27,0
DA:28,0
DA:30,0
DA:31,0
DA:32,0
DA:36,1
DA:37,0
DA:39,0
DA:40,0
DA:42,0
DA:44,0
DA:45,0
DA:47,0
DA:48,0
DA:50,0
DA:53,1
LF:27
LH:11
BRDA:3,1,0,1
BRDA:3,1,1,1
BRDA:3,1,2,1
BRDA:5,2,0,1
BRDA:5,2,1,0
BRDA:5,3,0,0
BRDA:5,3,1,0
BRDA:7,4,0,1
BRDA:7,4,1,0
BRDA:7,5,0,1
BRDA:7,5,1,1
BRDA:7,6,0,0
BRDA:7,6,1,0
BRDA:7,7,0,0
BRDA:7,7,1,0
BRDA:7,8,0,0
BRDA:7,8,1,0
BRDA:7,9,0,0
BRDA:7,9,1,0
BRDA:8,10,0,1
BRDA:8,10,1,0
BRDA:8,10,2,0
BRDA:10,11,0,1
BRDA:10,11,1,1
BRDA:10,11,2,1
BRDA:11,12,0,1
BRDA:11,12,1,0
BRDA:11,13,0,1
BRDA:11,13,1,1
BRDA:28,14,0,0
BRDA:28,14,1,0
BRDA:38,15,0,0
BRDA:38,15,1,0
BRF:33
BRH:29
end_of_record
TN:
SF:/Users/peb7268/Desktop/dev/nodedev/mDash/app/pages/home/home.ts
FN:3,(anonymous_1)
FN:10,(anonymous_2)
FN:15,(anonymous_3)
FN:16,HomePage
FNF:4
FNH:3
FNDA:1,(anonymous_1)
FNDA:1,(anonymous_2)
FNDA:1,(anonymous_3)
FNDA:0,HomePage
DA:0,1
DA:2,1
DA:4,1
DA:6,1
DA:12,1
DA:13,0
DA:15,1
DA:16,0
DA:18,1
LF:9
LH:7
BRDA:3,1,0,1
BRDA:3,1,1,1
BRDA:3,1,2,1
BRDA:5,2,0,1
BRDA:5,2,1,0
BRDA:5,3,0,0
BRDA:5,3,1,0
BRDA:7,4,0,1
BRDA:7,4,1,0
BRDA:7,5,0,1
BRDA:7,5,1,1
BRDA:7,6,0,0
BRDA:7,6,1,0
BRDA:7,7,0,0
BRDA:7,7,1,0
BRDA:7,8,0,0
BRDA:7,8,1,0
BRDA:7,9,0,0
BRDA:7,9,1,0
BRDA:8,10,0,1
BRDA:8,10,1,0
BRDA:8,10,2,0
BRDA:10,11,0,1
BRDA:10,11,1,1
BRDA:10,11,2,1
BRDA:11,12,0,1
BRDA:11,12,1,0
BRDA:11,13,0,1
BRDA:11,13,1,1
BRF:29
BRH:29
end_of_record
TN:
SF:/Users/peb7268/Desktop/dev/nodedev/mDash/app/dashboard/dashboard.ts
FN:3,(anonymous_1)
FN:10,(anonymous_2)
FN:18,(anonymous_3)
FN:19,Dashboard
FN:26,(anonymous_5)
FN:30,(anonymous_6)
FN:39,(anonymous_7)
FN:46,(anonymous_8)
FN:54,(anonymous_9)
FN:56,(anonymous_10)
FNF:10
FNH:3
FNDA:1,(anonymous_1)
FNDA:1,(anonymous_2)
FNDA:1,(anonymous_3)
FNDA:0,Dashboard
FNDA:0,(anonymous_5)
FNDA:0,(anonymous_6)
FNDA:0,(anonymous_7)
FNDA:0,(anonymous_8)
FNDA:0,(anonymous_9)
FNDA:0,(anonymous_10)
DA:0,1
DA:2,1
DA:4,1
DA:6,1
DA:7,1
DA:13,1
DA:22,1
DA:26,1
DA:27,0
DA:29,0
DA:30,0
DA:33,1
DA:34,0
DA:38,1
DA:39,0
DA:40,0
DA:42,0
DA:43,0
DA:46,0
DA:48,0
DA:50,0
DA:52,0
DA:54,0
DA:55,0
DA:59,1
DA:60,0
DA:66,0
DA:69,1
DA:70,0
DA:71,0
DA:72,0
DA:73,0
DA:74,0
DA:77,1
LF:34
LH:13
BRDA:3,1,0,1
BRDA:3,1,1,1
BRDA:3,1,2,1
BRDA:5,2,0,1
BRDA:5,2,1,0
BRDA:5,3,0,0
BRDA:5,3,1,0
BRDA:7,4,0,1
BRDA:7,4,1,0
BRDA:7,5,0,1
BRDA:7,5,1,1
BRDA:7,6,0,0
BRDA:7,6,1,0
BRDA:7,7,0,0
BRDA:7,7,1,0
BRDA:7,8,0,0
BRDA:7,8,1,0
BRDA:7,9,0,0
BRDA:7,9,1,0
BRDA:8,10,0,1
BRDA:8,10,1,0
BRDA:8,10,2,0
BRDA:10,11,0,1
BRDA:10,11,1,1
BRDA:10,11,2,1
BRDA:11,12,0,1
BRDA:11,12,1,0
BRDA:11,13,0,1
BRDA:11,13,1,1
BRF:29
BRH:29
end_of_record
TN:
SF:/Users/peb7268/Desktop/dev/nodedev/mDash/app/charts/chart.ts
FN:3,(anonymous_1)
FN:10,(anonymous_2)
FN:16,(anonymous_3)
FN:17,Chart
FN:24,(anonymous_5)
FN:27,(anonymous_6)
FN:34,(anonymous_7)
FN:37,(anonymous_8)
FN:38,(anonymous_9)
FN:49,(anonymous_10)
FN:64,(anonymous_11)
FN:65,(anonymous_12)
FN:66,(anonymous_13)
FN:72,(anonymous_14)
FN:86,(anonymous_15)
FN:99,(anonymous_16)
FN:122,(anonymous_17)
FN:141,(anonymous_18)
FN:146,(anonymous_19)
FNF:19
FNH:3
FNDA:1,(anonymous_1)
FNDA:1,(anonymous_2)
FNDA:1,(anonymous_3)
FNDA:0,Chart
FNDA:0,(anonymous_5)
FNDA:0,(anonymous_6)
FNDA:0,(anonymous_7)
FNDA:0,(anonymous_8)
FNDA:0,(anonymous_9)
FNDA:0,(anonymous_10)
FNDA:0,(anonymous_11)
FNDA:0,(anonymous_12)
FNDA:0,(anonymous_13)
FNDA:0,(anonymous_14)
FNDA:0,(anonymous_15)
FNDA:0,(anonymous_16)
FNDA:0,(anonymous_17)
FNDA:0,(anonymous_18)
FNDA:0,(anonymous_19)
DA:0,1
DA:2,1
DA:5,1
DA:10,1
DA:18,1
DA:22,1
DA:23,0
DA:24,0
DA:25,0
DA:29,1
DA:31,1
DA:32,0
DA:34,0
DA:36,0
DA:37,0
DA:41,1
DA:42,0
DA:45,1
DA:46,0
DA:47,0
DA:51,0
DA:59,1
DA:60,0
DA:62,0
DA:63,0
DA:65,0
DA:66,0
DA:67,0
DA:69,0
DA:71,0
DA:78,1
DA:80,1
DA:82,1
DA:83,0
DA:84,0
DA:86,0
DA:90,1
DA:91,0
DA:92,0
DA:94,0
DA:98,0
DA:99,0
DA:100,0
DA:103,0
DA:104,0
DA:108,1
DA:109,0
DA:110,0
DA:112,0
DA:118,0
DA:124,0
DA:137,0
DA:138,0
DA:139,0
DA:140,0
DA:141,0
DA:142,0
DA:144,0
DA:148,0
DA:154,0
DA:155,0
DA:156,0
DA:160,0
DA:165,0
DA:166,0
DA:168,0
DA:177,0
DA:178,0
DA:179,0
DA:183,0
DA:184,0
DA:185,0
DA:186,0
DA:187,0
DA:190,0
DA:192,1
LF:76
LH:17
BRDA:3,1,0,1
BRDA:3,1,1,1
BRDA:3,1,2,1
BRDA:5,2,0,1
BRDA:5,2,1,0
BRDA:5,3,0,0
BRDA:5,3,1,0
BRDA:7,4,0,1
BRDA:7,4,1,0
BRDA:7,5,0,1
BRDA:7,5,1,1
BRDA:7,6,0,0
BRDA:7,6,1,0
BRDA:7,7,0,0
BRDA:7,7,1,0
BRDA:7,8,0,0
BRDA:7,8,1,0
BRDA:7,9,0,0
BRDA:7,9,1,0
BRDA:8,10,0,1
BRDA:8,10,1,0
BRDA:8,10,2,0
BRDA:10,11,0,1
BRDA:10,11,1,1
BRDA:10,11,2,1
BRDA:11,12,0,1
BRDA:11,12,1,0
BRDA:11,13,0,1
BRDA:11,13,1,1
BRDA:29,14,0,0
BRDA:29,14,1,0
BRDA:30,15,0,0
BRDA:30,15,1,0
BRDA:30,16,0,0
BRDA:30,16,1,0
BRDA:68,17,0,0
BRDA:68,17,1,0
BRDA:75,18,0,0
BRDA:75,18,1,0
BRDA:76,19,0,0
BRDA:76,19,1,0
BRDA:110,20,0,0
BRDA:110,20,1,0
BRDA:123,21,0,0
BRDA:123,21,1,0
BRDA:127,22,0,0
BRDA:127,22,1,0
BRDA:143,23,0,0
BRDA:143,23,1,0
BRF:49
BRH:29
end_of_record
TN:
SF:/Users/peb7268/Desktop/dev/nodedev/mDash/app/dashboard/data.service.ts
FN:3,(anonymous_1)
FN:10,(anonymous_2)
FN:21,(anonymous_3)
FN:22,DataService
FN:30,(anonymous_5)
FN:45,(anonymous_6)
FN:50,(anonymous_7)
FN:58,(anonymous_8)
FN:63,(anonymous_9)
FN:65,(anonymous_10)
FN:76,(anonymous_11)
FN:81,(anonymous_12)
FN:86,(anonymous_13)
FN:95,(anonymous_14)
FN:98,(anonymous_15)
FN:103,(anonymous_16)
FN:108,(anonymous_17)
FN:111,(anonymous_18)
FN:117,(anonymous_19)
FN:125,(anonymous_20)
FN:131,(anonymous_21)
FN:135,(anonymous_22)
FN:143,(anonymous_23)
FN:146,(anonymous_24)
FNF:24
FNH:14
FNDA:1,(anonymous_1)
FNDA:1,(anonymous_2)
FNDA:1,(anonymous_3)
FNDA:21,DataService
FNDA:5,(anonymous_5)
FNDA:0,(anonymous_6)
FNDA:0,(anonymous_7)
FNDA:0,(anonymous_8)
FNDA:0,(anonymous_9)
FNDA:0,(anonymous_10)
FNDA:7,(anonymous_11)
FNDA:1,(anonymous_12)
FNDA:0,(anonymous_13)
FNDA:2,(anonymous_14)
FNDA:0,(anonymous_15)
FNDA:0,(anonymous_16)
FNDA:2,(anonymous_17)
FNDA:9,(anonymous_18)
FNDA:2,(anonymous_19)
FNDA:2,(anonymous_20)
FNDA:1,(anonymous_21)
FNDA:0,(anonymous_22)
FNDA:0,(anonymous_23)
FNDA:2,(anonymous_24)
DA:0,5
DA:2,1
DA:3,1
DA:5,1
DA:7,1
DA:8,1
DA:9,1
DA:11,1
DA:16,1
DA:17,1
DA:20,21
DA:21,21
DA:24,21
DA:25,21
DA:26,21
DA:27,21
DA:30,4
DA:31,5
DA:33,5
DA:34,1
DA:35,1
DA:38,4
DA:39,3
DA:40,3
DA:42,3
DA:44,1
DA:46,1
DA:47,0
DA:52,1
DA:53,0
DA:54,0
DA:56,0
DA:63,0
DA:69,0
DA:70,0
DA:71,0
DA:72,0
DA:79,0
DA:80,0
DA:82,0
DA:85,1
DA:86,7
DA:91,1
DA:92,1
DA:94,1
DA:95,1
DA:98,1
DA:99,0
DA:100,0
DA:102,0
DA:104,0
DA:106,0
DA:111,1
DA:112,2
DA:115,1
DA:117,0
DA:119,0
DA:122,1
DA:123,0
DA:128,1
DA:129,2
DA:132,1
DA:133,9
DA:134,9
DA:136,9
DA:138,9
DA:141,1
DA:142,2
DA:143,1
DA:144,1
DA:146,1
DA:149,1
DA:152,1
DA:153,2
DA:156,1
DA:157,1
DA:158,1
DA:161,1
DA:162,0
DA:163,0
DA:164,0
DA:165,0
DA:167,0
DA:170,1
DA:171,0
DA:174,1
DA:175,2
DA:176,2
DA:177,1
DA:180,2
DA:182,1
LF:91
LH:65
BRDA:3,1,0,1
BRDA:3,1,1,1
BRDA:3,1,2,1
BRDA:5,2,0,1
BRDA:5,2,1,0
BRDA:5,3,0,0
BRDA:5,3,1,0
BRDA:7,4,0,1
BRDA:7,4,1,0
BRDA:7,5,0,1
BRDA:7,5,1,1
BRDA:7,6,0,0
BRDA:7,6,1,0
BRDA:7,7,0,0
BRDA:7,7,1,0
BRDA:7,8,0,0
BRDA:7,8,1,0
BRDA:7,9,0,0
BRDA:7,9,1,0
BRDA:8,10,0,1
BRDA:8,10,1,0
BRDA:8,10,2,0
BRDA:10,11,0,1
BRDA:10,11,1,1
BRDA:10,11,2,1
BRDA:11,12,0,1
BRDA:11,12,1,0
BRDA:11,13,0,1
BRDA:11,13,1,1
BRDA:31,14,0,4
BRDA:31,14,1,1
BRDA:35,15,0,1
BRDA:35,15,1,4
BRDA:39,16,0,3
BRDA:39,16,1,1
BRDA:82,17,0,1
BRDA:82,17,1,0
BRDA:82,18,0,1
BRDA:82,18,1,0
BRDA:100,19,0,0
BRDA:100,19,1,0
BRDA:104,20,0,0
BRDA:104,20,1,0
BRDA:109,21,0,2
BRDA:109,21,1,2
BRDA:112,22,0,5
BRDA:112,22,1,4
BRDA:113,23,0,6
BRDA:113,23,1,3
BRDA:113,24,0,9
BRDA:113,24,1,9
BRDA:114,25,0,9
BRDA:114,25,1,8
BRDA:114,25,2,6
BRDA:118,26,0,1
BRDA:118,26,1,1
BRDA:118,27,0,2
BRDA:118,27,1,2
BRDA:120,28,0,0
BRDA:120,28,1,1
BRDA:126,29,0,1
BRDA:126,29,1,1
BRDA:129,30,0,1
BRDA:129,30,1,1
BRDA:149,31,0,1
BRDA:149,31,1,0
BRF:66
BRH:58
end_of_record
TN:
SF:/Users/peb7268/Desktop/dev/nodedev/mDash/app/pages/settings/settings.ts
FN:3,(anonymous_1)
FN:10,(anonymous_2)
FN:17,(anonymous_3)
FN:18,SettingsPage
FN:35,(anonymous_5)
FN:43,(anonymous_6)
FN:50,(anonymous_7)
FN:56,(anonymous_8)
FN:63,(anonymous_9)
FNF:9
FNH:4
FNDA:1,(anonymous_1)
FNDA:1,(anonymous_2)
FNDA:1,(anonymous_3)
FNDA:2,SettingsPage
FNDA:0,(anonymous_5)
FNDA:0,(anonymous_6)
FNDA:0,(anonymous_7)
FNDA:0,(anonymous_8)
FNDA:0,(anonymous_9)
DA:0,1
DA:1,1
DA:4,1
DA:6,1
DA:10,1
DA:14,1
DA:15,2
DA:16,2
DA:17,2
DA:18,2
DA:20,2
DA:21,2
DA:22,2
DA:23,2
DA:24,2
DA:26,2
DA:28,2
DA:29,2
DA:31,2
DA:32,2
DA:35,1
DA:36,0
DA:39,0
DA:40,0
DA:43,0
DA:46,1
DA:47,0
DA:55,0
DA:62,0
DA:70,0
DA:71,0
DA:77,0
DA:79,1
LF:33
LH:23
BRDA:3,1,0,1
BRDA:3,1,1,1
BRDA:3,1,2,1
BRDA:5,2,0,1
BRDA:5,2,1,0
BRDA:5,3,0,0
BRDA:5,3,1,0
BRDA:7,4,0,1
BRDA:7,4,1,0
BRDA:7,5,0,1
BRDA:7,5,1,1
BRDA:7,6,0,0
BRDA:7,6,1,0
BRDA:7,7,0,0
BRDA:7,7,1,0
BRDA:7,8,0,0
BRDA:7,8,1,0
BRDA:7,9,0,0
BRDA:7,9,1,0
BRDA:8,10,0,1
BRDA:8,10,1,0
BRDA:8,10,2,0
BRDA:10,11,0,1
BRDA:10,11,1,1
BRDA:10,11,2,1
BRDA:11,12,0,1
BRDA:11,12,1,0
BRDA:11,13,0,1
BRDA:11,13,1,1
BRDA:30,14,0,0
BRDA:30,14,1,2
BRDA:30,15,0,2
BRDA:30,15,1,2
BRDA:30,15,2,0
BRDA:31,16,0,0
BRDA:31,16,1,2
BRDA:31,17,0,2
BRDA:31,17,1,2
BRDA:31,17,2,0
BRDA:32,18,0,2
BRDA:32,18,1,0
BRDA:33,19,0,2
BRDA:33,19,1,0
BRDA:38,20,0,0
BRDA:38,20,1,0
BRDA:39,21,0,0
BRDA:39,21,1,0
BRDA:39,22,0,0
BRDA:39,22,1,0
BRDA:49,23,0,0
BRDA:49,23,1,0
BRDA:55,24,0,0
BRDA:55,24,1,0
BRDA:62,25,0,0
BRDA:62,25,1,0
BRF:55
BRH:37
end_of_record
TN:
SF:/Users/peb7268/Desktop/dev/nodedev/mDash/app/pages/login/login.ts
FN:3,(anonymous_1)
FN:10,(anonymous_2)
FN:18,(anonymous_3)
FN:19,LoginPage
FN:26,(anonymous_5)
FN:35,(anonymous_6)
FN:48,(anonymous_7)
FN:50,(anonymous_8)
FN:57,(anonymous_9)
FN:61,(anonymous_10)
FN:64,(anonymous_11)
FN:67,(anonymous_12)
FN:77,(anonymous_13)
FN:80,(anonymous_14)
FNF:14
FNH:3
FNDA:1,(anonymous_1)
FNDA:1,(anonymous_2)
FNDA:1,(anonymous_3)
FNDA:0,LoginPage
FNDA:0,(anonymous_5)
FNDA:0,(anonymous_6)
FNDA:0,(anonymous_7)
FNDA:0,(anonymous_8)
FNDA:0,(anonymous_9)
FNDA:0,(anonymous_10)
FNDA:0,(anonymous_11)
FNDA:0,(anonymous_12)
FNDA:0,(anonymous_13)
FNDA:0,(anonymous_14)
DA:0,1
DA:2,1
DA:4,1
DA:6,1
DA:8,1
DA:10,1
DA:14,1
DA:18,1
DA:19,0
DA:22,1
DA:23,0
DA:25,0
DA:26,0
DA:27,0
DA:28,0
DA:29,0
DA:30,0
DA:35,1
DA:36,0
DA:38,0
DA:39,0
DA:40,0
DA:42,0
DA:43,0
DA:46,0
DA:47,0
DA:48,0
DA:52,0
DA:53,0
DA:55,0
DA:56,0
DA:57,0
DA:62,1
DA:63,0
DA:67,1
DA:71,1
DA:75,1
DA:76,0
DA:78,0
DA:79,0
DA:81,0
DA:82,0
DA:84,0
DA:85,0
DA:89,1
DA:90,0
DA:93,1
DA:94,0
DA:96,1
LF:49
LH:17
BRDA:3,1,0,1
BRDA:3,1,1,1
BRDA:3,1,2,1
BRDA:5,2,0,1
BRDA:5,2,1,0
BRDA:5,3,0,0
BRDA:5,3,1,0
BRDA:7,4,0,1
BRDA:7,4,1,0
BRDA:7,5,0,1
BRDA:7,5,1,1
BRDA:7,6,0,0
BRDA:7,6,1,0
BRDA:7,7,0,0
BRDA:7,7,1,0
BRDA:7,8,0,0
BRDA:7,8,1,0
BRDA:7,9,0,0
BRDA:7,9,1,0
BRDA:8,10,0,1
BRDA:8,10,1,0
BRDA:8,10,2,0
BRDA:10,11,0,1
BRDA:10,11,1,1
BRDA:10,11,2,1
BRDA:11,12,0,1
BRDA:11,12,1,0
BRDA:11,13,0,1
BRDA:11,13,1,1
BRDA:27,14,0,0
BRDA:27,14,1,0
BRDA:40,15,0,0
BRDA:40,15,1,0
BRDA:40,16,0,0
BRDA:40,16,1,0
BRDA:43,17,0,0
BRDA:43,17,1,0
BRDA:69,18,0,0
BRDA:69,18,1,0
BRF:39
BRH:29
end_of_record
